<?xml version="1.0" encoding="UTF-8"?>
<testng-results ignored="0" total="1" passed="1" failed="0" skipped="0">
  <reporter-output>
    <line>
      <![CDATA[User is log in the application]]>
    </line>
  </reporter-output>
  <suite started-at="2018-04-04T12:17:30Z" name="Default suite" finished-at="2018-04-04T12:18:03Z" duration-ms="32593">
    <groups>
    </groups>
    <test started-at="2018-04-04T12:17:30Z" name="Default test" finished-at="2018-04-04T12:18:03Z" duration-ms="32593">
      <class name="RankingCoach.scroll_test">
        <test-method is-config="true" signature="initialize()[pri:0, instance:RankingCoach.scroll_test@503d687a]" started-at="2018-04-04T15:17:30Z" name="initialize" finished-at="2018-04-04T15:17:42Z" duration-ms="11126" status="PASS">
          <reporter-output>
            <line>
              <![CDATA[User is log in the application]]>
            </line>
          </reporter-output>
        </test-method> <!-- initialize -->
        <test-method signature="scrollElement()[pri:0, instance:RankingCoach.scroll_test@503d687a]" started-at="2018-04-04T15:17:42Z" name="scrollElement" finished-at="2018-04-04T15:18:00Z" duration-ms="17973" status="PASS">
          <reporter-output>
          </reporter-output>
        </test-method> <!-- scrollElement -->
        <test-method is-config="true" signature="cookies()[pri:0, instance:RankingCoach.scroll_test@503d687a]" started-at="2018-04-04T15:18:00Z" name="cookies" finished-at="2018-04-04T15:18:03Z" duration-ms="3475" status="PASS">
          <reporter-output>
          </reporter-output>
        </test-method> <!-- cookies -->
      </class> <!-- RankingCoach.scroll_test -->
    </test> <!-- Default test -->
  </suite> <!-- Default suite -->
</testng-results>
