<?xml version="1.0" encoding="UTF-8"?>
<testng-results ignored="0" total="1" passed="1" failed="0" skipped="0">
  <reporter-output>
  </reporter-output>
  <suite started-at="2018-06-13T08:40:05Z" name="Suite" finished-at="2018-06-13T08:41:41Z" duration-ms="95677">
    <groups>
    </groups>
    <test started-at="2018-06-13T08:40:05Z" name="Test" finished-at="2018-06-13T08:41:41Z" duration-ms="95677">
      <class name="com.RankingCoach.LogInCreateAccMethods.testAllTheLinks">
        <test-method is-config="true" signature="testStart()[pri:0, instance:com.RankingCoach.LogInCreateAccMethods.testAllTheLinks@59af0466]" started-at="2018-06-13T11:40:05Z" name="testStart" finished-at="2018-06-13T11:40:05Z" duration-ms="203" status="PASS">
          <reporter-output>
          </reporter-output>
        </test-method> <!-- testStart -->
        <test-method is-config="true" signature="setUp()[pri:0, instance:com.RankingCoach.LogInCreateAccMethods.testAllTheLinks@59af0466]" started-at="2018-06-13T11:40:05Z" name="setUp" finished-at="2018-06-13T11:40:09Z" duration-ms="3537" status="PASS">
          <reporter-output>
          </reporter-output>
        </test-method> <!-- setUp -->
        <test-method is-config="true" signature="beforeMethod(java.lang.reflect.Method)[pri:0, instance:com.RankingCoach.LogInCreateAccMethods.testAllTheLinks@59af0466]" started-at="2018-06-13T11:40:09Z" name="beforeMethod" finished-at="2018-06-13T11:40:09Z" duration-ms="37" status="PASS">
          <params>
            <param index="0">
              <value>
                <![CDATA[public void com.RankingCoach.LogInCreateAccMethods.testAllTheLinks.VerifyLinks() throws java.io.IOException,java.lang.InterruptedException]]>
              </value>
            </param>
          </params>
          <reporter-output>
          </reporter-output>
        </test-method> <!-- beforeMethod -->
        <test-method signature="VerifyLinks()[pri:0, instance:com.RankingCoach.LogInCreateAccMethods.testAllTheLinks@59af0466]" started-at="2018-06-13T11:40:09Z" name="VerifyLinks" finished-at="2018-06-13T11:41:36Z" duration-ms="87787" status="PASS">
          <reporter-output>
          </reporter-output>
        </test-method> <!-- VerifyLinks -->
        <test-method is-config="true" signature="afterMethod(org.testng.ITestResult)[pri:0, instance:com.RankingCoach.LogInCreateAccMethods.testAllTheLinks@59af0466]" started-at="2018-06-13T11:41:36Z" name="afterMethod" finished-at="2018-06-13T11:41:38Z" duration-ms="1164" status="PASS">
          <params>
            <param index="0">
              <value>
                <![CDATA[[TestResult name=VerifyLinks status=SUCCESS method=testAllTheLinks.VerifyLinks()[pri:0, instance:com.RankingCoach.LogInCreateAccMethods.testAllTheLinks@59af0466] output={null}]]]>
              </value>
            </param>
          </params>
          <reporter-output>
          </reporter-output>
        </test-method> <!-- afterMethod -->
        <test-method is-config="true" signature="tearDown()[pri:0, instance:com.RankingCoach.LogInCreateAccMethods.testAllTheLinks@59af0466]" started-at="2018-06-13T11:41:38Z" name="tearDown" finished-at="2018-06-13T11:41:40Z" duration-ms="2610" status="PASS">
          <reporter-output>
          </reporter-output>
        </test-method> <!-- tearDown -->
        <test-method is-config="true" signature="testResult()[pri:0, instance:com.RankingCoach.LogInCreateAccMethods.testAllTheLinks@59af0466]" started-at="2018-06-13T11:41:40Z" name="testResult" finished-at="2018-06-13T11:41:41Z" duration-ms="322" status="PASS">
          <reporter-output>
          </reporter-output>
        </test-method> <!-- testResult -->
      </class> <!-- com.RankingCoach.LogInCreateAccMethods.testAllTheLinks -->
    </test> <!-- Test -->
  </suite> <!-- Suite -->
</testng-results>
