<?xml version="1.0" encoding="UTF-8"?>
<!-- Generated by org.testng.reporters.JUnitXMLReporter -->
<testsuite ignored="3" hostname="DESKTOP-DVKNM19" failures="1" tests="1" name="Test" time="78.892" errors="0" timestamp="12 Jun 2018 09:03:38 GMT">
  <testcase classname="com.RankingCoach.LogInCreateAccMethods.CreateNewAccount" name="CreateAccountLogInWithGoogle" time="71.972">
    <failure type="org.openqa.selenium.TimeoutException" message="Expected condition failed: waiting for url to contain &amp;quot;https://www.rankingcoach.com/customer/onboarding?upgradeTo=seo&amp;amp;showBaseOnboarding=true#domain_name&amp;quot;. Current url: &amp;quot;https://www.rankingcoach.com/de-de/index/registration_data&amp;quot; (tried for 40 second(s) with 500 MILLISECONDS interval)
Build info: version: &amp;apos;3.6.0&amp;apos;, revision: &amp;apos;6fbf3ec767&amp;apos;, time: &amp;apos;2017-09-27T15:28:36.4Z&amp;apos;
System info: host: &amp;apos;DESKTOP-DVKNM19&amp;apos;, ip: &amp;apos;192.168.1.136&amp;apos;, os.name: &amp;apos;Windows 10&amp;apos;, os.arch: &amp;apos;amd64&amp;apos;, os.version: &amp;apos;10.0&amp;apos;, java.version: &amp;apos;9.0.4&amp;apos;
Driver info: org.openqa.selenium.chrome.ChromeDriver
Capabilities [{mobileEmulationEnabled=false, hasTouchScreen=false, platform=XP, acceptSslCerts=false, acceptInsecureCerts=false, webStorageEnabled=true, browserName=chrome, takesScreenshot=true, javascriptEnabled=true, platformName=XP, setWindowRect=true, unexpectedAlertBehaviour=, applicationCacheEnabled=false, rotatable=false, networkConnectionEnabled=false, chrome={chromedriverVersion=2.35.528161 (5b82f2d2aae0ca24b877009200ced9065a772e73), userDataDir=C:\Users\Bogdan\AppData\Local\Temp\scoped_dir9116_8038}, takesHeapSnapshot=true, pageLoadStrategy=normal, unhandledPromptBehavior=, databaseEnabled=false, handlesAlerts=true, version=67.0.3396.79, browserConnectionEnabled=false, nativeEvents=true, locationContextEnabled=true, cssSelectorsEnabled=true}]
Session ID: deb8ed5cf5a2e0438e2507573a74f677">
      <![CDATA[org.openqa.selenium.TimeoutException: Expected condition failed: waiting for url to contain "https://www.rankingcoach.com/customer/onboarding?upgradeTo=seo&showBaseOnboarding=true#domain_name". Current url: "https://www.rankingcoach.com/de-de/index/registration_data" (tried for 40 second(s) with 500 MILLISECONDS interval)
Build info: version: '3.6.0', revision: '6fbf3ec767', time: '2017-09-27T15:28:36.4Z'
System info: host: 'DESKTOP-DVKNM19', ip: '192.168.1.136', os.name: 'Windows 10', os.arch: 'amd64', os.version: '10.0', java.version: '9.0.4'
Driver info: org.openqa.selenium.chrome.ChromeDriver
Capabilities [{mobileEmulationEnabled=false, hasTouchScreen=false, platform=XP, acceptSslCerts=false, acceptInsecureCerts=false, webStorageEnabled=true, browserName=chrome, takesScreenshot=true, javascriptEnabled=true, platformName=XP, setWindowRect=true, unexpectedAlertBehaviour=, applicationCacheEnabled=false, rotatable=false, networkConnectionEnabled=false, chrome={chromedriverVersion=2.35.528161 (5b82f2d2aae0ca24b877009200ced9065a772e73), userDataDir=C:\Users\Bogdan\AppData\Local\Temp\scoped_dir9116_8038}, takesHeapSnapshot=true, pageLoadStrategy=normal, unhandledPromptBehavior=, databaseEnabled=false, handlesAlerts=true, version=67.0.3396.79, browserConnectionEnabled=false, nativeEvents=true, locationContextEnabled=true, cssSelectorsEnabled=true}]
Session ID: deb8ed5cf5a2e0438e2507573a74f677
	at org.openqa.selenium.support.ui.WebDriverWait.timeoutException(WebDriverWait.java:82)
	at org.openqa.selenium.support.ui.FluentWait.until(FluentWait.java:231)
	at com.RankingCoach.LogInCreateAccMethods.CreateNewAccount.CreateAccountLogInWithGoogle(CreateNewAccount.java:500)
... Removed 25 stack frames]]>
    </failure>
  </testcase> <!-- CreateAccountLogInWithGoogle -->
  <testcase classname="com.RankingCoach.LogInCreateAccMethods.CreateNewAccount" name="CreateNewAccountDE" time="0.0">
    <ignored/>
  </testcase> <!-- CreateNewAccountDE -->
  <testcase classname="com.RankingCoach.LogInCreateAccMethods.CreateNewAccount" name="CreateAccountFromDifferentPages" time="0.0">
    <ignored/>
  </testcase> <!-- CreateAccountFromDifferentPages -->
  <testcase classname="com.RankingCoach.LogInCreateAccMethods.CreateNewAccount" name="LogInWithFacebook" time="0.0">
    <ignored/>
  </testcase> <!-- LogInWithFacebook -->
</testsuite> <!-- Test -->
