<?xml version="1.0" encoding="UTF-8"?>
<testng-results ignored="0" total="1" passed="1" failed="0" skipped="0">
  <reporter-output>
  </reporter-output>
  <suite started-at="2018-06-12T11:47:20Z" name="Suite" finished-at="2018-06-12T11:48:58Z" duration-ms="98321">
    <groups>
    </groups>
    <test started-at="2018-06-12T11:47:20Z" name="Test" finished-at="2018-06-12T11:48:58Z" duration-ms="98321">
      <class name="com.RankingCoach.LogInCreateAccMethods.testAllTheLinks">
        <test-method is-config="true" signature="testStart()[pri:0, instance:com.RankingCoach.LogInCreateAccMethods.testAllTheLinks@4009e306]" started-at="2018-06-12T14:47:20Z" name="testStart" finished-at="2018-06-12T14:47:20Z" duration-ms="201" status="PASS">
          <reporter-output>
          </reporter-output>
        </test-method> <!-- testStart -->
        <test-method is-config="true" signature="setUp()[pri:0, instance:com.RankingCoach.LogInCreateAccMethods.testAllTheLinks@4009e306]" started-at="2018-06-12T14:47:20Z" name="setUp" finished-at="2018-06-12T14:47:24Z" duration-ms="4177" status="PASS">
          <reporter-output>
          </reporter-output>
        </test-method> <!-- setUp -->
        <test-method is-config="true" signature="beforeMethod(java.lang.reflect.Method)[pri:0, instance:com.RankingCoach.LogInCreateAccMethods.testAllTheLinks@4009e306]" started-at="2018-06-12T14:47:24Z" name="beforeMethod" finished-at="2018-06-12T14:47:25Z" duration-ms="240" status="PASS">
          <params>
            <param index="0">
              <value>
                <![CDATA[public void com.RankingCoach.LogInCreateAccMethods.testAllTheLinks.VerifyLinks() throws java.io.IOException,java.lang.InterruptedException]]>
              </value>
            </param>
          </params>
          <reporter-output>
          </reporter-output>
        </test-method> <!-- beforeMethod -->
        <test-method signature="VerifyLinks()[pri:0, instance:com.RankingCoach.LogInCreateAccMethods.testAllTheLinks@4009e306]" started-at="2018-06-12T14:47:25Z" name="VerifyLinks" finished-at="2018-06-12T14:48:54Z" duration-ms="89617" status="PASS">
          <reporter-output>
          </reporter-output>
        </test-method> <!-- VerifyLinks -->
        <test-method is-config="true" signature="afterMethod(org.testng.ITestResult)[pri:0, instance:com.RankingCoach.LogInCreateAccMethods.testAllTheLinks@4009e306]" started-at="2018-06-12T14:48:54Z" name="afterMethod" finished-at="2018-06-12T14:48:56Z" duration-ms="1239" status="PASS">
          <params>
            <param index="0">
              <value>
                <![CDATA[[TestResult name=VerifyLinks status=SUCCESS method=testAllTheLinks.VerifyLinks()[pri:0, instance:com.RankingCoach.LogInCreateAccMethods.testAllTheLinks@4009e306] output={null}]]]>
              </value>
            </param>
          </params>
          <reporter-output>
          </reporter-output>
        </test-method> <!-- afterMethod -->
        <test-method is-config="true" signature="tearDown()[pri:0, instance:com.RankingCoach.LogInCreateAccMethods.testAllTheLinks@4009e306]" started-at="2018-06-12T14:48:56Z" name="tearDown" finished-at="2018-06-12T14:48:58Z" duration-ms="2610" status="PASS">
          <reporter-output>
          </reporter-output>
        </test-method> <!-- tearDown -->
        <test-method is-config="true" signature="testResult()[pri:0, instance:com.RankingCoach.LogInCreateAccMethods.testAllTheLinks@4009e306]" started-at="2018-06-12T14:48:58Z" name="testResult" finished-at="2018-06-12T14:48:58Z" duration-ms="225" status="PASS">
          <reporter-output>
          </reporter-output>
        </test-method> <!-- testResult -->
      </class> <!-- com.RankingCoach.LogInCreateAccMethods.testAllTheLinks -->
    </test> <!-- Test -->
  </suite> <!-- Suite -->
</testng-results>
