<?xml version="1.0" encoding="UTF-8"?>
<!-- Generated by org.testng.reporters.JUnitXMLReporter -->
<testsuite ignored="0" hostname="DESKTOP-DVKNM19" failures="1" tests="13" name="Default test" time="5.125" errors="0" timestamp="13 Jun 2018 09:10:39 GMT">
  <testcase classname="com.RankingCoach.LogInCreateAccMethods.createAccountandCompleteOnboarding" name="CreateNewAccountDE" time="0.004">
    <failure type="java.lang.NullPointerException" message="null value in entry: url=null">
      <![CDATA[java.lang.NullPointerException: null value in entry: url=null
	at com.google.common.collect.CollectPreconditions.checkEntryNotNull(CollectPreconditions.java:32)
	at com.google.common.collect.SingletonImmutableBiMap.<init>(SingletonImmutableBiMap.java:42)
	at com.google.common.collect.ImmutableBiMap.of(ImmutableBiMap.java:70)
	at com.google.common.collect.ImmutableMap.of(ImmutableMap.java:124)
	at org.openqa.selenium.remote.RemoteWebDriver.get(RemoteWebDriver.java:310)
	at org.openqa.selenium.remote.RemoteWebDriver$RemoteNavigation.to(RemoteWebDriver.java:897)
	at com.RankingCoach.LogInCreateAccMethods.createAccountandCompleteOnboarding.CreateNewAccountDE(createAccountandCompleteOnboarding.java:30)
	at java.base/jdk.internal.reflect.NativeMethodAccessorImpl.invoke0(Native Method)
	at java.base/jdk.internal.reflect.NativeMethodAccessorImpl.invoke(NativeMethodAccessorImpl.java:62)
	at java.base/jdk.internal.reflect.DelegatingMethodAccessorImpl.invoke(DelegatingMethodAccessorImpl.java:43)
	at java.base/java.lang.reflect.Method.invoke(Method.java:564)
	at org.testng.internal.MethodInvocationHelper.invokeMethod(MethodInvocationHelper.java:108)
	at org.testng.internal.Invoker.invokeMethod(Invoker.java:661)
	at org.testng.internal.Invoker.invokeTestMethod(Invoker.java:869)
	at org.testng.internal.Invoker.invokeTestMethods(Invoker.java:1193)
	at org.testng.internal.TestMethodWorker.invokeTestMethods(TestMethodWorker.java:126)
	at org.testng.internal.TestMethodWorker.run(TestMethodWorker.java:109)
	at org.testng.TestRunner.privateRun(TestRunner.java:744)
	at org.testng.TestRunner.run(TestRunner.java:602)
	at org.testng.SuiteRunner.runTest(SuiteRunner.java:380)
	at org.testng.SuiteRunner.runSequentially(SuiteRunner.java:375)
	at org.testng.SuiteRunner.privateRun(SuiteRunner.java:340)
	at org.testng.SuiteRunner.run(SuiteRunner.java:289)
	at org.testng.SuiteRunnerWorker.runSuite(SuiteRunnerWorker.java:52)
	at org.testng.SuiteRunnerWorker.run(SuiteRunnerWorker.java:86)
	at org.testng.TestNG.runSuitesSequentially(TestNG.java:1301)
	at org.testng.TestNG.runSuitesLocally(TestNG.java:1226)
	at org.testng.TestNG.runSuites(TestNG.java:1144)
	at org.testng.TestNG.run(TestNG.java:1115)
	at org.testng.remote.AbstractRemoteTestNG.run(AbstractRemoteTestNG.java:114)
	at org.testng.remote.RemoteTestNG.initAndRun(RemoteTestNG.java:251)
	at org.testng.remote.RemoteTestNG.main(RemoteTestNG.java:77)
]]>
    </failure>
  </testcase> <!-- CreateNewAccountDE -->
  <testcase classname="com.RankingCoach.LogInCreateAccMethods.createAccountandCompleteOnboarding" name="AddNewDomain" time="0.0">
    <skipped/>
  </testcase> <!-- AddNewDomain -->
  <testcase classname="com.RankingCoach.LogInCreateAccMethods.createAccountandCompleteOnboarding" name="CompleteDomainDetails" time="0.0">
    <skipped/>
  </testcase> <!-- CompleteDomainDetails -->
  <testcase classname="com.RankingCoach.LogInCreateAccMethods.createAccountandCompleteOnboarding" name="SelectBusinessSectors" time="0.0">
    <skipped/>
  </testcase> <!-- SelectBusinessSectors -->
  <testcase classname="com.RankingCoach.LogInCreateAccMethods.createAccountandCompleteOnboarding" name="Customerslocation" time="0.0">
    <skipped/>
  </testcase> <!-- Customerslocation -->
  <testcase classname="com.RankingCoach.LogInCreateAccMethods.createAccountandCompleteOnboarding" name="VerifyIfYourLocalDirectories" time="0.0">
    <skipped/>
  </testcase> <!-- VerifyIfYourLocalDirectories -->
  <testcase classname="com.RankingCoach.LogInCreateAccMethods.createAccountandCompleteOnboarding" name="SelectYourPlatform" time="0.0">
    <skipped/>
  </testcase> <!-- SelectYourPlatform -->
  <testcase classname="com.RankingCoach.LogInCreateAccMethods.createAccountandCompleteOnboarding" name="TypeYourKeyWords" time="0.0">
    <skipped/>
  </testcase> <!-- TypeYourKeyWords -->
  <testcase classname="com.RankingCoach.LogInCreateAccMethods.createAccountandCompleteOnboarding" name="SelectYourKeywords" time="0.0">
    <skipped/>
  </testcase> <!-- SelectYourKeywords -->
  <testcase classname="com.RankingCoach.LogInCreateAccMethods.createAccountandCompleteOnboarding" name="VerifyYourKeywords" time="0.0">
    <skipped/>
  </testcase> <!-- VerifyYourKeywords -->
  <testcase classname="com.RankingCoach.LogInCreateAccMethods.createAccountandCompleteOnboarding" name="SelectCompetitors" time="0.0">
    <skipped/>
  </testcase> <!-- SelectCompetitors -->
  <testcase classname="com.RankingCoach.LogInCreateAccMethods.createAccountandCompleteOnboarding" name="VeirifyAnalysisPage" time="0.0">
    <skipped/>
  </testcase> <!-- VeirifyAnalysisPage -->
  <testcase classname="com.RankingCoach.LogInCreateAccMethods.createAccountandCompleteOnboarding" name="UpgradeSubscriptionTo360" time="0.0">
    <skipped/>
  </testcase> <!-- UpgradeSubscriptionTo360 -->
</testsuite> <!-- Default test -->
